<?xml version="1.0" encoding="UTF-8"?>
<!-- Generated by org.testng.reporters.JUnitReportReporter -->
<testsuite hostname="ArunHiremath" failures="0" tests="1" name="com.crm.maranus.contactTest.CreateContactTest" time="29.800" errors="0" timestamp="2022-06-13T21:35:14 IST" skipped="0">
  <testcase classname="com.crm.maranus.contactTest.CreateContactTest" name="createContactTest" time="29.800"/>
  <system-out/>
</testsuite> <!-- com.crm.maranus.contactTest.CreateContactTest -->
