<?xml version="1.0" encoding="UTF-8"?>
<!-- Generated by org.testng.reporters.JUnitReportReporter -->
<testsuite hostname="ArunHiremath" failures="0" tests="1" name="com.crm.maranus.campaignTest.CreateCampaignTest" time="31.171" errors="0" timestamp="2022-06-13T21:33:19 IST" skipped="0">
  <testcase classname="com.crm.maranus.campaignTest.CreateCampaignTest" name="script" time="31.171"/>
  <system-out/>
</testsuite> <!-- com.crm.maranus.campaignTest.CreateCampaignTest -->
