<?xml version="1.0" encoding="UTF-8"?>
<!-- Generated by org.testng.reporters.JUnitReportReporter -->
<testsuite hostname="ArunHiremath" failures="0" tests="3" name="practice.Sample_Test" time="0.016" errors="0" timestamp="2022-06-08T11:53:20 IST" skipped="0">
  <testcase classname="practice.Sample_Test" name="createContact" time="0.009"/>
  <system-out/>
  <testcase classname="practice.Sample_Test" name="deleteContact" time="0.003"/>
  <system-out/>
  <testcase classname="practice.Sample_Test" name="modifyContact" time="0.004"/>
  <system-out/>
</testsuite> <!-- practice.Sample_Test -->
