<?xml version="1.0" encoding="UTF-8"?>
<!-- Generated by org.testng.reporters.JUnitReportReporter -->
<testsuite hostname="ArunHiremath" failures="0" tests="3" name="practice.DataProviderWithoutDDT" time="0.018" errors="0" timestamp="2022-06-11T11:19:46 IST" skipped="0">
  <testcase classname="practice.DataProviderWithoutDDT" name="bookTicket" time="0.003"/>
  <system-out/>
  <testcase classname="practice.DataProviderWithoutDDT" name="bookTicket" time="0.009"/>
  <system-out/>
  <testcase classname="practice.DataProviderWithoutDDT" name="bookTicket" time="0.006"/>
  <system-out/>
</testsuite> <!-- practice.DataProviderWithoutDDT -->
