<?xml version="1.0" encoding="UTF-8"?>
<!-- Generated by org.testng.reporters.JUnitReportReporter -->
<testsuite hostname="ArunHiremath" failures="0" tests="3" name="practice.DataProviderWithDDT_Test" time="0.029" errors="0" timestamp="2022-06-11T11:20:21 IST" skipped="0">
  <testcase classname="practice.DataProviderWithDDT_Test" name="bookTicket" time="0.018"/>
  <system-out/>
  <testcase classname="practice.DataProviderWithDDT_Test" name="bookTicket" time="0.003"/>
  <system-out/>
  <testcase classname="practice.DataProviderWithDDT_Test" name="bookTicket" time="0.008"/>
  <system-out/>
</testsuite> <!-- practice.DataProviderWithDDT_Test -->
