<?xml version="1.0" encoding="UTF-8"?>
<!-- Generated by org.testng.reporters.JUnitReportReporter -->
<testsuite hostname="ArunHiremath" failures="0" tests="1" name="com.crm.maranus.contactTest.DeleteContactTest" time="35.907" errors="0" timestamp="2022-06-13T21:36:04 IST" skipped="0">
  <testcase classname="com.crm.maranus.contactTest.DeleteContactTest" name="deleteContact" time="35.907"/>
  <system-out/>
</testsuite> <!-- com.crm.maranus.contactTest.DeleteContactTest -->
