<?xml version="1.0" encoding="UTF-8"?>
<!-- Generated by org.testng.reporters.JUnitReportReporter -->
<testsuite hostname="DESKTOP-FPU0K8T" failures="0" tests="3" name="practice.SampleTest" time="0.033" errors="0" timestamp="2022-06-03T17:09:35 IST" skipped="0">
  <testcase classname="practice.SampleTest" name="deleteContactTest" time="0.002"/>
  <system-out/>
  <testcase classname="practice.SampleTest" name="createContactTest" time="0.028"/>
  <system-out/>
  <testcase classname="practice.SampleTest" name="modifyContactTest" time="0.003"/>
  <system-out/>
</testsuite> <!-- practice.SampleTest -->
